{"C:\\Users\\rodri\\Desktop\\juanu\\PROGRAMACION\\ARGENTINA PROGRAMA\\RENT-A-CAR\\src\\module\\cars\\repository\\carsRepository.js": {"path":"C:\\Users\\rodri\\Desktop\\juanu\\PROGRAMACION\\ARGENTINA PROGRAMA\\RENT-A-CAR\\src\\module\\cars\\repository\\carsRepository.js","statementMap":{"0":{"start":{"line":2,"column":0},"end":{"line":101,"column":1}},"1":{"start":{"line":4,"column":8},"end":{"line":5,"column":31}},"2":{"start":{"line":10,"column":23},"end":{"line":23,"column":9}},"3":{"start":{"line":24,"column":8},"end":{"line":24,"column":52}},"4":{"start":{"line":28,"column":19},"end":{"line":51,"column":9}},"5":{"start":{"line":52,"column":8},"end":{"line":52,"column":49}},"6":{"start":{"line":57,"column":24},"end":{"line":69,"column":9}},"7":{"start":{"line":72,"column":9},"end":{"line":72,"column":54}},"8":{"start":{"line":76,"column":26},"end":{"line":76,"column":72}},"9":{"start":{"line":77,"column":8},"end":{"line":77,"column":49}},"10":{"start":{"line":82,"column":22},"end":{"line":95,"column":9}},"11":{"start":{"line":97,"column":18},"end":{"line":97,"column":56}},"12":{"start":{"line":98,"column":8},"end":{"line":98,"column":18}}},"fnMap":{"0":{"name":"(anonymous_0)","decl":{"start":{"line":3,"column":4},"end":{"line":3,"column":5}},"loc":{"start":{"line":3,"column":26},"end":{"line":6,"column":5}},"line":3},"1":{"name":"(anonymous_1)","decl":{"start":{"line":9,"column":4},"end":{"line":9,"column":5}},"loc":{"start":{"line":9,"column":17},"end":{"line":25,"column":5}},"line":9},"2":{"name":"(anonymous_2)","decl":{"start":{"line":27,"column":4},"end":{"line":27,"column":5}},"loc":{"start":{"line":27,"column":20},"end":{"line":54,"column":5}},"line":27},"3":{"name":"(anonymous_3)","decl":{"start":{"line":56,"column":4},"end":{"line":56,"column":5}},"loc":{"start":{"line":56,"column":21},"end":{"line":73,"column":5}},"line":56},"4":{"name":"(anonymous_4)","decl":{"start":{"line":75,"column":4},"end":{"line":75,"column":5}},"loc":{"start":{"line":75,"column":18},"end":{"line":79,"column":5}},"line":75},"5":{"name":"(anonymous_5)","decl":{"start":{"line":81,"column":4},"end":{"line":81,"column":5}},"loc":{"start":{"line":81,"column":19},"end":{"line":100,"column":5}},"line":81}},"branchMap":{},"s":{"0":1,"1":5,"2":1,"3":1,"4":6,"5":6,"6":1,"7":1,"8":1,"9":1,"10":3,"11":3,"12":3},"f":{"0":5,"1":1,"2":6,"3":1,"4":1,"5":3},"b":{},"_coverageSchema":"1a1c01bbd47fc00a2c39e90264f33305004495a9","hash":"72907576d4bead28b4578991684a238bcf688915"}
}
