{"C:\\Users\\rodri\\Desktop\\juanu\\PROGRAMACION\\ARGENTINA PROGRAMA\\RENT-A-CAR\\src\\module\\cars\\carsModule.js": {"path":"C:\\Users\\rodri\\Desktop\\juanu\\PROGRAMACION\\ARGENTINA PROGRAMA\\RENT-A-CAR\\src\\module\\cars\\carsModule.js","statementMap":{"0":{"start":{"line":1,"column":22},"end":{"line":1,"column":63}},"1":{"start":{"line":2,"column":18},"end":{"line":2,"column":53}},"2":{"start":{"line":3,"column":21},"end":{"line":3,"column":62}},"3":{"start":{"line":7,"column":21},"end":{"line":7,"column":52}},"4":{"start":{"line":8,"column":4},"end":{"line":8,"column":29}},"5":{"start":{"line":11,"column":0},"end":{"line":16,"column":1}}},"fnMap":{"0":{"name":"initApp","decl":{"start":{"line":5,"column":9},"end":{"line":5,"column":16}},"loc":{"start":{"line":5,"column":32},"end":{"line":9,"column":1}},"line":5}},"branchMap":{},"s":{"0":1,"1":1,"2":1,"3":1,"4":1,"5":1},"f":{"0":1},"b":{},"_coverageSchema":"1a1c01bbd47fc00a2c39e90264f33305004495a9","hash":"ebcf54f37d4a4164bb9d8e7aadb4fcc9052ea867"}
,"C:\\Users\\rodri\\Desktop\\juanu\\PROGRAMACION\\ARGENTINA PROGRAMA\\RENT-A-CAR\\src\\module\\cars\\controller\\carsController.js": {"path":"C:\\Users\\rodri\\Desktop\\juanu\\PROGRAMACION\\ARGENTINA PROGRAMA\\RENT-A-CAR\\src\\module\\cars\\controller\\carsController.js","statementMap":{"0":{"start":{"line":1,"column":0},"end":{"line":84,"column":1}},"1":{"start":{"line":3,"column":8},"end":{"line":4,"column":48}},"2":{"start":{"line":8,"column":24},"end":{"line":8,"column":31}},"3":{"start":{"line":9,"column":8},"end":{"line":9,"column":57}},"4":{"start":{"line":10,"column":8},"end":{"line":10,"column":72}},"5":{"start":{"line":11,"column":8},"end":{"line":11,"column":121}},"6":{"start":{"line":12,"column":8},"end":{"line":12,"column":72}},"7":{"start":{"line":13,"column":8},"end":{"line":13,"column":121}},"8":{"start":{"line":14,"column":8},"end":{"line":14,"column":71}},"9":{"start":{"line":18,"column":24},"end":{"line":18,"column":59}},"10":{"start":{"line":19,"column":21},"end":{"line":19,"column":39}},"11":{"start":{"line":20,"column":8},"end":{"line":20,"column":28}},"12":{"start":{"line":21,"column":8},"end":{"line":24,"column":10}},"13":{"start":{"line":25,"column":8},"end":{"line":25,"column":30}},"14":{"start":{"line":29,"column":8},"end":{"line":29,"column":50}},"15":{"start":{"line":33,"column":8},"end":{"line":42,"column":9}},"16":{"start":{"line":34,"column":27},"end":{"line":34,"column":35}},"17":{"start":{"line":35,"column":12},"end":{"line":37,"column":13}},"18":{"start":{"line":36,"column":16},"end":{"line":36,"column":71}},"19":{"start":{"line":38,"column":12},"end":{"line":38,"column":55}},"20":{"start":{"line":40,"column":12},"end":{"line":40,"column":42}},"21":{"start":{"line":44,"column":8},"end":{"line":44,"column":25}},"22":{"start":{"line":48,"column":17},"end":{"line":48,"column":33}},"23":{"start":{"line":49,"column":8},"end":{"line":57,"column":9}},"24":{"start":{"line":50,"column":27},"end":{"line":50,"column":64}},"25":{"start":{"line":51,"column":12},"end":{"line":53,"column":14}},"26":{"start":{"line":55,"column":12},"end":{"line":55,"column":43}},"27":{"start":{"line":56,"column":12},"end":{"line":56,"column":29}},"28":{"start":{"line":62,"column":8},"end":{"line":70,"column":9}},"29":{"start":{"line":63,"column":27},"end":{"line":63,"column":35}},"30":{"start":{"line":64,"column":12},"end":{"line":66,"column":13}},"31":{"start":{"line":65,"column":16},"end":{"line":65,"column":71}},"32":{"start":{"line":67,"column":12},"end":{"line":67,"column":53}},"33":{"start":{"line":69,"column":12},"end":{"line":69,"column":42}},"34":{"start":{"line":71,"column":8},"end":{"line":71,"column":25}},"35":{"start":{"line":76,"column":8},"end":{"line":80,"column":9}},"36":{"start":{"line":77,"column":12},"end":{"line":77,"column":63}},"37":{"start":{"line":79,"column":12},"end":{"line":79,"column":42}},"38":{"start":{"line":82,"column":8},"end":{"line":82,"column":25}}},"fnMap":{"0":{"name":"(anonymous_0)","decl":{"start":{"line":2,"column":4},"end":{"line":2,"column":5}},"loc":{"start":{"line":2,"column":47},"end":{"line":5,"column":5}},"line":2},"1":{"name":"(anonymous_1)","decl":{"start":{"line":7,"column":4},"end":{"line":7,"column":5}},"loc":{"start":{"line":7,"column":19},"end":{"line":15,"column":5}},"line":7},"2":{"name":"(anonymous_2)","decl":{"start":{"line":17,"column":4},"end":{"line":17,"column":5}},"loc":{"start":{"line":17,"column":28},"end":{"line":26,"column":5}},"line":17},"3":{"name":"(anonymous_3)","decl":{"start":{"line":28,"column":4},"end":{"line":28,"column":5}},"loc":{"start":{"line":28,"column":29},"end":{"line":30,"column":5}},"line":28},"4":{"name":"(anonymous_4)","decl":{"start":{"line":32,"column":4},"end":{"line":32,"column":5}},"loc":{"start":{"line":32,"column":30},"end":{"line":45,"column":5}},"line":32},"5":{"name":"(anonymous_5)","decl":{"start":{"line":47,"column":4},"end":{"line":47,"column":5}},"loc":{"start":{"line":47,"column":27},"end":{"line":59,"column":5}},"line":47},"6":{"name":"(anonymous_6)","decl":{"start":{"line":61,"column":4},"end":{"line":61,"column":5}},"loc":{"start":{"line":61,"column":29},"end":{"line":72,"column":5}},"line":61},"7":{"name":"(anonymous_7)","decl":{"start":{"line":75,"column":4},"end":{"line":75,"column":5}},"loc":{"start":{"line":75,"column":29},"end":{"line":83,"column":5}},"line":75}},"branchMap":{"0":{"loc":{"start":{"line":35,"column":12},"end":{"line":37,"column":13}},"type":"if","locations":[{"start":{"line":35,"column":12},"end":{"line":37,"column":13}},{"start":{},"end":{}}],"line":35},"1":{"loc":{"start":{"line":64,"column":12},"end":{"line":66,"column":13}},"type":"if","locations":[{"start":{"line":64,"column":12},"end":{"line":66,"column":13}},{"start":{},"end":{}}],"line":64}},"s":{"0":2,"1":1,"2":1,"3":1,"4":1,"5":1,"6":1,"7":1,"8":1,"9":1,"10":1,"11":1,"12":1,"13":1,"14":1,"15":2,"16":2,"17":2,"18":1,"19":2,"20":1,"21":2,"22":2,"23":2,"24":2,"25":2,"26":1,"27":1,"28":2,"29":2,"30":2,"31":1,"32":2,"33":2,"34":2,"35":2,"36":2,"37":1,"38":2},"f":{"0":1,"1":1,"2":1,"3":1,"4":2,"5":2,"6":2,"7":2},"b":{"0":[1,1],"1":[1,1]},"_coverageSchema":"1a1c01bbd47fc00a2c39e90264f33305004495a9","hash":"e0264e9e1f17c2ff7c129d52493d392a4efb5175"}
,"C:\\Users\\rodri\\Desktop\\juanu\\PROGRAMACION\\ARGENTINA PROGRAMA\\RENT-A-CAR\\src\\module\\cars\\repository\\carsRepository.js": {"path":"C:\\Users\\rodri\\Desktop\\juanu\\PROGRAMACION\\ARGENTINA PROGRAMA\\RENT-A-CAR\\src\\module\\cars\\repository\\carsRepository.js","statementMap":{"0":{"start":{"line":2,"column":0},"end":{"line":101,"column":1}},"1":{"start":{"line":4,"column":8},"end":{"line":5,"column":31}},"2":{"start":{"line":10,"column":23},"end":{"line":23,"column":9}},"3":{"start":{"line":24,"column":8},"end":{"line":24,"column":52}},"4":{"start":{"line":28,"column":19},"end":{"line":51,"column":9}},"5":{"start":{"line":52,"column":8},"end":{"line":52,"column":49}},"6":{"start":{"line":57,"column":24},"end":{"line":69,"column":9}},"7":{"start":{"line":72,"column":9},"end":{"line":72,"column":54}},"8":{"start":{"line":76,"column":26},"end":{"line":76,"column":72}},"9":{"start":{"line":77,"column":8},"end":{"line":77,"column":49}},"10":{"start":{"line":82,"column":22},"end":{"line":95,"column":9}},"11":{"start":{"line":97,"column":18},"end":{"line":97,"column":56}},"12":{"start":{"line":98,"column":8},"end":{"line":98,"column":18}}},"fnMap":{"0":{"name":"(anonymous_0)","decl":{"start":{"line":3,"column":4},"end":{"line":3,"column":5}},"loc":{"start":{"line":3,"column":26},"end":{"line":6,"column":5}},"line":3},"1":{"name":"(anonymous_1)","decl":{"start":{"line":9,"column":4},"end":{"line":9,"column":5}},"loc":{"start":{"line":9,"column":17},"end":{"line":25,"column":5}},"line":9},"2":{"name":"(anonymous_2)","decl":{"start":{"line":27,"column":4},"end":{"line":27,"column":5}},"loc":{"start":{"line":27,"column":20},"end":{"line":54,"column":5}},"line":27},"3":{"name":"(anonymous_3)","decl":{"start":{"line":56,"column":4},"end":{"line":56,"column":5}},"loc":{"start":{"line":56,"column":21},"end":{"line":73,"column":5}},"line":56},"4":{"name":"(anonymous_4)","decl":{"start":{"line":75,"column":4},"end":{"line":75,"column":5}},"loc":{"start":{"line":75,"column":18},"end":{"line":79,"column":5}},"line":75},"5":{"name":"(anonymous_5)","decl":{"start":{"line":81,"column":4},"end":{"line":81,"column":5}},"loc":{"start":{"line":81,"column":19},"end":{"line":100,"column":5}},"line":81}},"branchMap":{},"s":{"0":4,"1":5,"2":1,"3":1,"4":6,"5":6,"6":1,"7":1,"8":1,"9":1,"10":3,"11":3,"12":3},"f":{"0":5,"1":1,"2":6,"3":1,"4":1,"5":3},"b":{},"_coverageSchema":"1a1c01bbd47fc00a2c39e90264f33305004495a9","hash":"72907576d4bead28b4578991684a238bcf688915"}
,"C:\\Users\\rodri\\Desktop\\juanu\\PROGRAMACION\\ARGENTINA PROGRAMA\\RENT-A-CAR\\src\\module\\cars\\service\\carsService.js": {"path":"C:\\Users\\rodri\\Desktop\\juanu\\PROGRAMACION\\ARGENTINA PROGRAMA\\RENT-A-CAR\\src\\module\\cars\\service\\carsService.js","statementMap":{"0":{"start":{"line":1,"column":0},"end":{"line":28,"column":1}},"1":{"start":{"line":4,"column":8},"end":{"line":4,"column":42}},"2":{"start":{"line":8,"column":8},"end":{"line":8,"column":47}},"3":{"start":{"line":12,"column":8},"end":{"line":12,"column":50}},"4":{"start":{"line":17,"column":8},"end":{"line":17,"column":57}},"5":{"start":{"line":21,"column":8},"end":{"line":21,"column":54}},"6":{"start":{"line":25,"column":8},"end":{"line":25,"column":56}}},"fnMap":{"0":{"name":"(anonymous_0)","decl":{"start":{"line":3,"column":4},"end":{"line":3,"column":5}},"loc":{"start":{"line":3,"column":32},"end":{"line":5,"column":5}},"line":3},"1":{"name":"(anonymous_1)","decl":{"start":{"line":7,"column":4},"end":{"line":7,"column":5}},"loc":{"start":{"line":7,"column":23},"end":{"line":9,"column":5}},"line":7},"2":{"name":"(anonymous_2)","decl":{"start":{"line":11,"column":4},"end":{"line":11,"column":5}},"loc":{"start":{"line":11,"column":29},"end":{"line":14,"column":5}},"line":11},"3":{"name":"(anonymous_3)","decl":{"start":{"line":16,"column":4},"end":{"line":16,"column":5}},"loc":{"start":{"line":16,"column":27},"end":{"line":18,"column":5}},"line":16},"4":{"name":"(anonymous_4)","decl":{"start":{"line":20,"column":4},"end":{"line":20,"column":5}},"loc":{"start":{"line":20,"column":24},"end":{"line":22,"column":5}},"line":20},"5":{"name":"(anonymous_5)","decl":{"start":{"line":24,"column":4},"end":{"line":24,"column":5}},"loc":{"start":{"line":24,"column":25},"end":{"line":26,"column":5}},"line":24}},"branchMap":{},"s":{"0":3,"1":1,"2":1,"3":1,"4":1,"5":1,"6":1},"f":{"0":1,"1":1,"2":1,"3":1,"4":1,"5":1},"b":{},"_coverageSchema":"1a1c01bbd47fc00a2c39e90264f33305004495a9","hash":"a3e2a529216d0890ecf8679e7bfac32c4e070320"}
,"C:\\Users\\rodri\\Desktop\\juanu\\PROGRAMACION\\ARGENTINA PROGRAMA\\RENT-A-CAR\\src\\module\\users\\usersModule.js": {"path":"C:\\Users\\rodri\\Desktop\\juanu\\PROGRAMACION\\ARGENTINA PROGRAMA\\RENT-A-CAR\\src\\module\\users\\usersModule.js","statementMap":{"0":{"start":{"line":1,"column":22},"end":{"line":1,"column":64}},"1":{"start":{"line":2,"column":22},"end":{"line":2,"column":64}},"2":{"start":{"line":3,"column":19},"end":{"line":3,"column":52}},"3":{"start":{"line":6,"column":21},"end":{"line":6,"column":53}},"4":{"start":{"line":7,"column":4},"end":{"line":7,"column":31}},"5":{"start":{"line":11,"column":0},"end":{"line":16,"column":1}}},"fnMap":{"0":{"name":"initUsers","decl":{"start":{"line":5,"column":9},"end":{"line":5,"column":18}},"loc":{"start":{"line":5,"column":34},"end":{"line":9,"column":1}},"line":5}},"branchMap":{},"s":{"0":1,"1":1,"2":1,"3":1,"4":1,"5":1},"f":{"0":1},"b":{},"_coverageSchema":"1a1c01bbd47fc00a2c39e90264f33305004495a9","hash":"8eb40267e96669f4dcc0c39e924006eb564c8a3e"}
,"C:\\Users\\rodri\\Desktop\\juanu\\PROGRAMACION\\ARGENTINA PROGRAMA\\RENT-A-CAR\\src\\module\\users\\controller\\usersController.js": {"path":"C:\\Users\\rodri\\Desktop\\juanu\\PROGRAMACION\\ARGENTINA PROGRAMA\\RENT-A-CAR\\src\\module\\users\\controller\\usersController.js","statementMap":{"0":{"start":{"line":1,"column":0},"end":{"line":72,"column":1}},"1":{"start":{"line":3,"column":8},"end":{"line":3,"column":39}},"2":{"start":{"line":6,"column":24},"end":{"line":6,"column":32}},"3":{"start":{"line":7,"column":8},"end":{"line":7,"column":58}},"4":{"start":{"line":8,"column":8},"end":{"line":8,"column":74}},"5":{"start":{"line":9,"column":8},"end":{"line":9,"column":76}},"6":{"start":{"line":10,"column":8},"end":{"line":10,"column":74}},"7":{"start":{"line":11,"column":8},"end":{"line":11,"column":77}},"8":{"start":{"line":12,"column":8},"end":{"line":12,"column":73}},"9":{"start":{"line":16,"column":24},"end":{"line":16,"column":61}},"10":{"start":{"line":17,"column":21},"end":{"line":17,"column":39}},"11":{"start":{"line":18,"column":8},"end":{"line":22,"column":9}},"12":{"start":{"line":23,"column":8},"end":{"line":23,"column":30}},"13":{"start":{"line":27,"column":8},"end":{"line":27,"column":52}},"14":{"start":{"line":31,"column":8},"end":{"line":36,"column":9}},"15":{"start":{"line":32,"column":23},"end":{"line":32,"column":31}},"16":{"start":{"line":33,"column":8},"end":{"line":33,"column":53}},"17":{"start":{"line":35,"column":12},"end":{"line":35,"column":42}},"18":{"start":{"line":37,"column":8},"end":{"line":37,"column":30}},"19":{"start":{"line":41,"column":17},"end":{"line":41,"column":33}},"20":{"start":{"line":42,"column":8},"end":{"line":50,"column":9}},"21":{"start":{"line":43,"column":28},"end":{"line":43,"column":67}},"22":{"start":{"line":44,"column":12},"end":{"line":46,"column":14}},"23":{"start":{"line":48,"column":12},"end":{"line":48,"column":42}},"24":{"start":{"line":49,"column":12},"end":{"line":49,"column":34}},"25":{"start":{"line":54,"column":23},"end":{"line":54,"column":31}},"26":{"start":{"line":55,"column":8},"end":{"line":59,"column":9}},"27":{"start":{"line":56,"column":12},"end":{"line":56,"column":55}},"28":{"start":{"line":58,"column":12},"end":{"line":58,"column":42}},"29":{"start":{"line":60,"column":8},"end":{"line":60,"column":30}},"30":{"start":{"line":64,"column":8},"end":{"line":69,"column":9}},"31":{"start":{"line":65,"column":12},"end":{"line":65,"column":65}},"32":{"start":{"line":67,"column":12},"end":{"line":67,"column":42}},"33":{"start":{"line":70,"column":8},"end":{"line":70,"column":30}}},"fnMap":{"0":{"name":"(anonymous_0)","decl":{"start":{"line":2,"column":4},"end":{"line":2,"column":5}},"loc":{"start":{"line":2,"column":30},"end":{"line":4,"column":5}},"line":2},"1":{"name":"(anonymous_1)","decl":{"start":{"line":5,"column":4},"end":{"line":5,"column":5}},"loc":{"start":{"line":5,"column":21},"end":{"line":13,"column":5}},"line":5},"2":{"name":"(anonymous_2)","decl":{"start":{"line":15,"column":4},"end":{"line":15,"column":5}},"loc":{"start":{"line":15,"column":29},"end":{"line":24,"column":5}},"line":15},"3":{"name":"(anonymous_3)","decl":{"start":{"line":26,"column":4},"end":{"line":26,"column":5}},"loc":{"start":{"line":26,"column":30},"end":{"line":28,"column":5}},"line":26},"4":{"name":"(anonymous_4)","decl":{"start":{"line":30,"column":4},"end":{"line":30,"column":5}},"loc":{"start":{"line":30,"column":31},"end":{"line":38,"column":5}},"line":30},"5":{"name":"(anonymous_5)","decl":{"start":{"line":40,"column":4},"end":{"line":40,"column":5}},"loc":{"start":{"line":40,"column":28},"end":{"line":51,"column":5}},"line":40},"6":{"name":"(anonymous_6)","decl":{"start":{"line":53,"column":4},"end":{"line":53,"column":5}},"loc":{"start":{"line":53,"column":30},"end":{"line":61,"column":5}},"line":53},"7":{"name":"(anonymous_7)","decl":{"start":{"line":63,"column":4},"end":{"line":63,"column":5}},"loc":{"start":{"line":63,"column":30},"end":{"line":71,"column":5}},"line":63}},"branchMap":{},"s":{"0":2,"1":1,"2":1,"3":1,"4":1,"5":1,"6":1,"7":1,"8":1,"9":1,"10":1,"11":1,"12":1,"13":1,"14":2,"15":2,"16":2,"17":1,"18":2,"19":2,"20":2,"21":2,"22":2,"23":1,"24":1,"25":2,"26":2,"27":2,"28":2,"29":2,"30":2,"31":2,"32":1,"33":2},"f":{"0":1,"1":1,"2":1,"3":1,"4":2,"5":2,"6":2,"7":2},"b":{},"_coverageSchema":"1a1c01bbd47fc00a2c39e90264f33305004495a9","hash":"eb4ac9609fb61d77d41e33be9924c9142360f70a"}
,"C:\\Users\\rodri\\Desktop\\juanu\\PROGRAMACION\\ARGENTINA PROGRAMA\\RENT-A-CAR\\src\\module\\users\\repository\\usersRepository.js": {"path":"C:\\Users\\rodri\\Desktop\\juanu\\PROGRAMACION\\ARGENTINA PROGRAMA\\RENT-A-CAR\\src\\module\\users\\repository\\usersRepository.js","statementMap":{"0":{"start":{"line":1,"column":0},"end":{"line":87,"column":1}},"1":{"start":{"line":3,"column":8},"end":{"line":4,"column":30}},"2":{"start":{"line":8,"column":24},"end":{"line":17,"column":9}},"3":{"start":{"line":19,"column":8},"end":{"line":19,"column":53}},"4":{"start":{"line":24,"column":19},"end":{"line":39,"column":9}},"5":{"start":{"line":41,"column":7},"end":{"line":41,"column":47}},"6":{"start":{"line":50,"column":8},"end":{"line":50,"column":29}},"7":{"start":{"line":52,"column":25},"end":{"line":60,"column":9}},"8":{"start":{"line":62,"column":8},"end":{"line":62,"column":47}},"9":{"start":{"line":66,"column":27},"end":{"line":66,"column":73}},"10":{"start":{"line":67,"column":8},"end":{"line":67,"column":50}},"11":{"start":{"line":72,"column":8},"end":{"line":72,"column":23}},"12":{"start":{"line":73,"column":23},"end":{"line":82,"column":9}},"13":{"start":{"line":84,"column":19},"end":{"line":84,"column":58}},"14":{"start":{"line":85,"column":8},"end":{"line":85,"column":19}}},"fnMap":{"0":{"name":"(anonymous_0)","decl":{"start":{"line":2,"column":4},"end":{"line":2,"column":5}},"loc":{"start":{"line":2,"column":26},"end":{"line":5,"column":5}},"line":2},"1":{"name":"(anonymous_1)","decl":{"start":{"line":7,"column":4},"end":{"line":7,"column":5}},"loc":{"start":{"line":7,"column":18},"end":{"line":20,"column":5}},"line":7},"2":{"name":"(anonymous_2)","decl":{"start":{"line":22,"column":4},"end":{"line":22,"column":5}},"loc":{"start":{"line":22,"column":22},"end":{"line":46,"column":5}},"line":22},"3":{"name":"(anonymous_3)","decl":{"start":{"line":48,"column":4},"end":{"line":48,"column":5}},"loc":{"start":{"line":48,"column":23},"end":{"line":63,"column":5}},"line":48},"4":{"name":"(anonymous_4)","decl":{"start":{"line":65,"column":4},"end":{"line":65,"column":5}},"loc":{"start":{"line":65,"column":19},"end":{"line":69,"column":5}},"line":65},"5":{"name":"(anonymous_5)","decl":{"start":{"line":71,"column":4},"end":{"line":71,"column":5}},"loc":{"start":{"line":71,"column":20},"end":{"line":86,"column":5}},"line":71}},"branchMap":{},"s":{"0":3,"1":5,"2":1,"3":1,"4":6,"5":6,"6":1,"7":1,"8":1,"9":1,"10":1,"11":3,"12":3,"13":3,"14":3},"f":{"0":5,"1":1,"2":6,"3":1,"4":1,"5":3},"b":{},"_coverageSchema":"1a1c01bbd47fc00a2c39e90264f33305004495a9","hash":"34bb58458f1fce0c63cc778e3eb5bd01e12b9b14"}
,"C:\\Users\\rodri\\Desktop\\juanu\\PROGRAMACION\\ARGENTINA PROGRAMA\\RENT-A-CAR\\src\\module\\users\\service\\usersService.js": {"path":"C:\\Users\\rodri\\Desktop\\juanu\\PROGRAMACION\\ARGENTINA PROGRAMA\\RENT-A-CAR\\src\\module\\users\\service\\usersService.js","statementMap":{"0":{"start":{"line":1,"column":0},"end":{"line":25,"column":1}},"1":{"start":{"line":3,"column":8},"end":{"line":3,"column":44}},"2":{"start":{"line":7,"column":8},"end":{"line":7,"column":49}},"3":{"start":{"line":10,"column":8},"end":{"line":10,"column":49}},"4":{"start":{"line":14,"column":8},"end":{"line":14,"column":60}},"5":{"start":{"line":18,"column":8},"end":{"line":18,"column":56}},"6":{"start":{"line":22,"column":8},"end":{"line":22,"column":58}}},"fnMap":{"0":{"name":"(anonymous_0)","decl":{"start":{"line":2,"column":4},"end":{"line":2,"column":5}},"loc":{"start":{"line":2,"column":33},"end":{"line":4,"column":5}},"line":2},"1":{"name":"(anonymous_1)","decl":{"start":{"line":6,"column":4},"end":{"line":6,"column":5}},"loc":{"start":{"line":6,"column":24},"end":{"line":8,"column":5}},"line":6},"2":{"name":"(anonymous_2)","decl":{"start":{"line":9,"column":4},"end":{"line":9,"column":5}},"loc":{"start":{"line":9,"column":27},"end":{"line":11,"column":5}},"line":9},"3":{"name":"(anonymous_3)","decl":{"start":{"line":13,"column":4},"end":{"line":13,"column":5}},"loc":{"start":{"line":13,"column":29},"end":{"line":15,"column":5}},"line":13},"4":{"name":"(anonymous_4)","decl":{"start":{"line":17,"column":4},"end":{"line":17,"column":5}},"loc":{"start":{"line":17,"column":25},"end":{"line":19,"column":5}},"line":17},"5":{"name":"(anonymous_5)","decl":{"start":{"line":21,"column":4},"end":{"line":21,"column":5}},"loc":{"start":{"line":21,"column":26},"end":{"line":23,"column":5}},"line":21}},"branchMap":{},"s":{"0":3,"1":1,"2":1,"3":1,"4":1,"5":1,"6":1},"f":{"0":1,"1":1,"2":1,"3":1,"4":1,"5":1},"b":{},"_coverageSchema":"1a1c01bbd47fc00a2c39e90264f33305004495a9","hash":"8fd0771d0bbf2c44696f6fd5c6846fb346d4f5a4"}
}
