TN:
SF:src\module\cars\controller\carsController.js
FN:2,(anonymous_0)
FN:7,(anonymous_1)
FN:17,(anonymous_2)
FN:28,(anonymous_3)
FN:32,(anonymous_4)
FN:47,(anonymous_5)
FN:61,(anonymous_6)
FN:75,(anonymous_7)
FNF:8
FNH:8
FNDA:1,(anonymous_0)
FNDA:1,(anonymous_1)
FNDA:1,(anonymous_2)
FNDA:1,(anonymous_3)
FNDA:2,(anonymous_4)
FNDA:2,(anonymous_5)
FNDA:2,(anonymous_6)
FNDA:2,(anonymous_7)
DA:1,1
DA:3,1
DA:8,1
DA:9,1
DA:10,1
DA:11,1
DA:12,1
DA:13,1
DA:14,1
DA:18,1
DA:19,1
DA:20,1
DA:21,1
DA:25,1
DA:29,1
DA:33,2
DA:34,2
DA:35,2
DA:36,1
DA:38,2
DA:40,1
DA:44,2
DA:48,2
DA:49,2
DA:50,2
DA:51,2
DA:55,1
DA:56,1
DA:62,2
DA:63,2
DA:64,2
DA:65,1
DA:67,2
DA:69,2
DA:71,2
DA:76,2
DA:77,2
DA:79,1
DA:82,2
LF:39
LH:39
BRDA:35,0,0,1
BRDA:35,0,1,1
BRDA:64,1,0,1
BRDA:64,1,1,1
BRF:4
BRH:4
end_of_record
TN:
SF:src\module\cars\repository\carsRepository.js
FN:3,(anonymous_0)
FN:9,(anonymous_1)
FN:27,(anonymous_2)
FN:56,(anonymous_3)
FN:75,(anonymous_4)
FN:81,(anonymous_5)
FNF:6
FNH:2
FNDA:6,(anonymous_0)
FNDA:0,(anonymous_1)
FNDA:6,(anonymous_2)
FNDA:0,(anonymous_3)
FNDA:0,(anonymous_4)
FNDA:0,(anonymous_5)
DA:2,2
DA:4,6
DA:10,0
DA:24,0
DA:28,6
DA:52,6
DA:57,0
DA:72,0
DA:76,0
DA:77,0
DA:82,0
DA:97,0
DA:98,0
LF:13
LH:4
BRF:0
BRH:0
end_of_record
TN:
SF:src\module\cars\service\carsService.js
FN:3,(anonymous_0)
FN:7,(anonymous_1)
FN:11,(anonymous_2)
FN:16,(anonymous_3)
FN:20,(anonymous_4)
FN:24,(anonymous_5)
FNF:6
FNH:0
FNDA:0,(anonymous_0)
FNDA:0,(anonymous_1)
FNDA:0,(anonymous_2)
FNDA:0,(anonymous_3)
FNDA:0,(anonymous_4)
FNDA:0,(anonymous_5)
DA:1,1
DA:4,0
DA:8,0
DA:12,0
DA:17,0
DA:21,0
DA:25,0
LF:7
LH:1
BRF:0
BRH:0
end_of_record
TN:
SF:src\module\rent\controller\rentsController.js
FN:3,(anonymous_0)
FN:9,(anonymous_1)
FN:19,(anonymous_2)
FN:30,(anonymous_3)
FN:45,(anonymous_4)
FN:62,(anonymous_5)
FN:81,(anonymous_6)
FN:98,(anonymous_7)
FNF:8
FNH:8
FNDA:1,(anonymous_0)
FNDA:1,(anonymous_1)
FNDA:1,(anonymous_2)
FNDA:2,(anonymous_3)
FNDA:1,(anonymous_4)
FNDA:2,(anonymous_5)
FNDA:2,(anonymous_6)
FNDA:2,(anonymous_7)
DA:2,1
DA:4,1
DA:10,1
DA:11,1
DA:12,1
DA:13,1
DA:14,1
DA:15,1
DA:16,1
DA:20,1
DA:21,1
DA:22,1
DA:26,1
DA:31,2
DA:32,2
DA:33,2
DA:34,2
DA:39,1
DA:40,1
DA:47,1
DA:48,1
DA:49,1
DA:50,1
DA:55,1
DA:57,1
DA:59,1
DA:63,2
DA:64,2
DA:65,2
DA:66,2
DA:67,2
DA:68,2
DA:74,1
DA:75,1
DA:82,2
DA:83,2
DA:84,2
DA:85,1
DA:89,1
DA:91,2
DA:94,2
DA:99,2
DA:100,2
DA:101,2
DA:103,1
DA:106,2
LF:46
LH:46
BRF:0
BRH:0
end_of_record
TN:
SF:src\module\rent\repository\rentsRepository.js
FN:2,(anonymous_0)
FN:7,(anonymous_1)
FN:46,(anonymous_2)
FN:67,(anonymous_3)
FN:80,(anonymous_4)
FN:85,(anonymous_5)
FNF:6
FNH:6
FNDA:5,(anonymous_0)
FNDA:1,(anonymous_1)
FNDA:6,(anonymous_2)
FNDA:1,(anonymous_3)
FNDA:1,(anonymous_4)
FNDA:3,(anonymous_5)
DA:1,2
DA:3,5
DA:20,1
DA:43,1
DA:47,6
DA:48,6
DA:64,6
DA:68,1
DA:77,1
DA:81,1
DA:82,1
DA:86,3
DA:94,3
DA:95,3
LF:14
LH:14
BRF:0
BRH:0
end_of_record
TN:
SF:src\module\rent\service\rentsService.js
FN:2,(anonymous_0)
FN:6,(anonymous_1)
FN:9,(anonymous_2)
FN:13,(anonymous_3)
FN:17,(anonymous_4)
FN:21,(anonymous_5)
FNF:6
FNH:6
FNDA:1,(anonymous_0)
FNDA:1,(anonymous_1)
FNDA:1,(anonymous_2)
FNDA:1,(anonymous_3)
FNDA:1,(anonymous_4)
FNDA:1,(anonymous_5)
DA:1,2
DA:3,1
DA:7,1
DA:10,1
DA:14,1
DA:18,1
DA:22,1
LF:7
LH:7
BRF:0
BRH:0
end_of_record
TN:
SF:src\module\users\repository\usersRepository.js
FN:2,(anonymous_0)
FN:7,(anonymous_1)
FN:22,(anonymous_2)
FN:48,(anonymous_3)
FN:65,(anonymous_4)
FN:71,(anonymous_5)
FNF:6
FNH:2
FNDA:5,(anonymous_0)
FNDA:0,(anonymous_1)
FNDA:5,(anonymous_2)
FNDA:0,(anonymous_3)
FNDA:0,(anonymous_4)
FNDA:0,(anonymous_5)
DA:1,1
DA:3,5
DA:8,0
DA:19,0
DA:24,5
DA:41,5
DA:50,0
DA:52,0
DA:62,0
DA:66,0
DA:67,0
DA:72,0
DA:73,0
DA:84,0
DA:85,0
LF:15
LH:4
BRF:0
BRH:0
end_of_record
