TN:
SF:src\config\di.js
FN:12,runDatabase
FN:20,configureSession
FN:33,uploadImages
FN:35,(anonymous_3)
FN:38,(anonymous_4)
FN:45,addCommonDefinitions
FN:53,addCarsDefinitions
FN:61,addUsersDefinitions
FN:69,addRentsDefinitions
FN:77,configureDI
FNF:10
FNH:8
FNDA:1,runDatabase
FNDA:1,configureSession
FNDA:1,uploadImages
FNDA:0,(anonymous_3)
FNDA:0,(anonymous_4)
FNDA:1,addCommonDefinitions
FNDA:1,addCarsDefinitions
FNDA:1,addUsersDefinitions
FNDA:1,addRentsDefinitions
FNDA:1,configureDI
DA:1,1
DA:2,1
DA:3,1
DA:4,1
DA:5,1
DA:7,1
DA:8,1
DA:9,1
DA:10,1
DA:13,1
DA:14,1
DA:15,1
DA:17,1
DA:21,1
DA:23,1
DA:29,1
DA:34,1
DA:36,0
DA:39,0
DA:42,1
DA:46,1
DA:54,1
DA:62,1
DA:70,1
DA:77,1
DA:78,1
DA:79,1
DA:80,1
DA:81,1
DA:82,1
DA:83,1
LF:31
LH:29
BRF:0
BRH:0
end_of_record
TN:
SF:src\module\cars\controller\carsController.js
FN:2,(anonymous_0)
FN:7,(anonymous_1)
FN:17,(anonymous_2)
FN:28,(anonymous_3)
FN:32,(anonymous_4)
FN:47,(anonymous_5)
FN:61,(anonymous_6)
FN:75,(anonymous_7)
FNF:8
FNH:8
FNDA:2,(anonymous_0)
FNDA:1,(anonymous_1)
FNDA:1,(anonymous_2)
FNDA:1,(anonymous_3)
FNDA:2,(anonymous_4)
FNDA:2,(anonymous_5)
FNDA:2,(anonymous_6)
FNDA:2,(anonymous_7)
DA:1,3
DA:3,2
DA:8,1
DA:9,1
DA:10,1
DA:11,1
DA:12,1
DA:13,1
DA:14,1
DA:18,1
DA:19,1
DA:20,1
DA:21,1
DA:25,1
DA:29,1
DA:33,2
DA:34,2
DA:35,2
DA:36,1
DA:38,2
DA:40,1
DA:44,2
DA:48,2
DA:49,2
DA:50,2
DA:51,2
DA:55,1
DA:56,1
DA:62,2
DA:63,2
DA:64,2
DA:65,1
DA:67,2
DA:69,2
DA:71,2
DA:76,2
DA:77,2
DA:79,1
DA:82,2
LF:39
LH:39
BRDA:35,0,0,1
BRDA:35,0,1,1
BRDA:64,1,0,1
BRDA:64,1,1,1
BRF:4
BRH:4
end_of_record
TN:
SF:src\module\cars\repository\carsRepository.js
FN:3,(anonymous_0)
FN:9,(anonymous_1)
FN:27,(anonymous_2)
FN:56,(anonymous_3)
FN:75,(anonymous_4)
FN:81,(anonymous_5)
FNF:6
FNH:6
FNDA:6,(anonymous_0)
FNDA:1,(anonymous_1)
FNDA:6,(anonymous_2)
FNDA:1,(anonymous_3)
FNDA:1,(anonymous_4)
FNDA:3,(anonymous_5)
DA:2,4
DA:4,6
DA:10,1
DA:24,1
DA:28,6
DA:52,6
DA:57,1
DA:72,1
DA:76,1
DA:77,1
DA:82,3
DA:97,3
DA:98,3
LF:13
LH:13
BRF:0
BRH:0
end_of_record
TN:
SF:src\module\rent\rentsModule.js
FN:5,initRent
FNF:1
FNH:1
FNDA:1,initRent
DA:1,2
DA:2,2
DA:3,2
DA:7,1
DA:8,1
DA:11,2
LF:6
LH:6
BRF:0
BRH:0
end_of_record
